<?xml version="1.0" encoding="UTF-8"?>
<testng-results ignored="0" total="1" passed="1" failed="0" skipped="0">
  <reporter-output>
  </reporter-output>
  <suite started-at="2022-10-03T12:34:40 AMT" name="All Test Suite" finished-at="2022-10-03T12:35:01 AMT" duration-ms="21111">
    <groups>
    </groups>
    <test started-at="2022-10-03T12:34:40 AMT" name="testCases" finished-at="2022-10-03T12:35:01 AMT" duration-ms="21111">
      <class name="testCases.CraftBet_004_CasinoSameNameCopyGames_Test">
        <test-method is-config="true" signature="setup()[pri:0, instance:testCases.CraftBet_004_CasinoSameNameCopyGames_Test@48ae9b55]" started-at="2022-10-03T12:34:40 AMT" name="setup" finished-at="2022-10-03T12:34:49 AMT" duration-ms="8996" status="PASS">
          <reporter-output>
          </reporter-output>
        </test-method> <!-- setup -->
        <test-method signature="getDuplicateGames()[pri:0, instance:testCases.CraftBet_004_CasinoSameNameCopyGames_Test@48ae9b55]" started-at="2022-10-03T12:34:49 AMT" name="getDuplicateGames" finished-at="2022-10-03T12:35:01 AMT" duration-ms="11928" status="PASS">
          <reporter-output>
          </reporter-output>
        </test-method> <!-- getDuplicateGames -->
        <test-method is-config="true" signature="tearDown()[pri:0, instance:testCases.CraftBet_004_CasinoSameNameCopyGames_Test@48ae9b55]" started-at="2022-10-03T12:35:01 AMT" name="tearDown" finished-at="2022-10-03T12:35:01 AMT" duration-ms="146" status="PASS">
          <reporter-output>
          </reporter-output>
        </test-method> <!-- tearDown -->
        <test-method is-config="true" signature="Finish()[pri:0, instance:testCases.CraftBet_004_CasinoSameNameCopyGames_Test@48ae9b55]" started-at="2022-10-03T12:35:01 AMT" name="Finish" finished-at="2022-10-03T12:35:01 AMT" duration-ms="1" status="PASS">
          <reporter-output>
          </reporter-output>
        </test-method> <!-- Finish -->
      </class> <!-- testCases.CraftBet_004_CasinoSameNameCopyGames_Test -->
    </test> <!-- testCases -->
  </suite> <!-- All Test Suite -->
</testng-results>
